<?xml version="1.0" encoding="UTF-8"?>
<Site BuildName="(empty)"
	BuildStamp="20251231-1329-Experimental"
	Name="(empty)"
	Generator="ctest-4.2.1"
	CompilerName=""
	CompilerVersion=""
	OSName="Windows"
	Hostname="DESKTOP-SI9MDG3"
	OSRelease="10.0.19045"
	OSVersion="Windows 10"
	OSPlatform="AMD64"
	Is64Bits="1"
	VendorString="GenuineIntel"
	VendorID="Intel Corporation"
	FamilyID="6"
	ModelID="14"
	ModelName=""
	ProcessorCacheSize="-1"
	NumberOfLogicalCPU="4"
	NumberOfPhysicalCPU="2"
	TotalVirtualMemory="14872"
	TotalPhysicalMemory="7798"
	LogicalProcessorsPerPhysical="2"
	ProcessorClockFrequency="2496"
	>
	<Testing>
		<StartDateTime>Dec 31 07:03 Pacific Standard Time</StartDateTime>
		<StartTestTime>1767193395</StartTestTime>
		<TestList>
			<Test>./StressTest</Test>
		</TestList>
		<Test Status="passed">
			<Name>StressTest</Name>
			<Path>.</Path>
			<FullName>./StressTest</FullName>
			<FullCommandLine>D:\DSA-Project\build\atomic-tests.exe</FullCommandLine>
			<Results>
				<NamedMeasurement type="numeric/double" name="Execution Time">
					<Value>0.0945413</Value>
				</NamedMeasurement>
				<NamedMeasurement type="numeric/double" name="Processors">
					<Value>1</Value>
				</NamedMeasurement>
				<NamedMeasurement type="text/string" name="Completion Status">
					<Value>Completed</Value>
				</NamedMeasurement>
				<NamedMeasurement type="text/string" name="Command Line">
					<Value>D:\DSA-Project\build\atomic-tests.exe</Value>
				</NamedMeasurement>
				<NamedMeasurement type="text/string" name="Environment">
					<Value>#CTEST_RESOURCE_GROUP_COUNT=</Value>
				</NamedMeasurement>
				<Measurement>
					<Value encoding="base64" compression="gzip">eJzzzCtOLSpJTVEw4PKEMQ0NDJB4Rig8YxSeCQrPFIVnhsIzR+FZoPAsQbzgkqLU4mKFkNTiEgXn/NyCnNSSVC4AGxIw1Q==</Value>
				</Measurement>
			</Results>
		</Test>
		<EndDateTime>Dec 31 07:03 Pacific Standard Time</EndDateTime>
		<EndTestTime>1767193395</EndTestTime>
		<ElapsedMinutes>0</ElapsedMinutes>
	</Testing>
</Site>
